#
# A fatal error has been detected by the Java Runtime Environment:
#
#  Internal Error (javaClasses.cpp:129), pid=7404, tid=6580
#  fatal error: Invalid layout of preloaded class
#
# JRE version: 7.0_11-b21
# Java VM: Java HotSpot(TM) 64-Bit Server VM (23.6-b04 mixed mode windows-amd64 compressed oops)
# Failed to write core dump. Minidumps are not enabled by default on client versions of Windows
#
# If you would like to submit a bug report, please visit:
#   http://bugreport.sun.com/bugreport/crash.jsp
#

---------------  T H R E A D  ---------------

Current thread (0x000000000241c800):  JavaThread "Unknown thread" [_thread_in_vm, id=6580, stack(0x0000000002770000,0x0000000002870000)]

Stack: [0x0000000002770000,0x0000000002870000]

---------------  P R O C E S S  ---------------

Java Threads: ( => current thread )

Other Threads:

=>0x000000000241c800 (exited) JavaThread "Unknown thread" [_thread_in_vm, id=6580, stack(0x0000000002770000,0x0000000002870000)]

VM state:not at safepoint (not fully initialized)

VM Mutex/Monitor currently owned by a thread: None

GC Heap History (0 events):
No events

Deoptimization events (0 events):
No events

Internal exceptions (0 events):
No events

Events (10 events):
Event: 0.243 loading class 0x000000000249fa40 done
Event: 0.243 loading class 0x0000000002461e80 done
Event: 0.243 loading class 0x0000000002461e50
Event: 0.243 loading class 0x00000000024f4060
Event: 0.243 loading class 0x00000000024f4060 done
Event: 0.243 loading class 0x00000000024f40a0
Event: 0.243 loading class 0x00000000024f40a0 done
Event: 0.243 loading class 0x00000000084300c0
Event: 0.243 loading class 0x00000000084300c0 done
Event: 0.243 loading class 0x0000000002461e50 done


Dynamic libraries:
0x000000013f7d0000 - 0x000000013f803000 	D:\OW\jdk1.7\bin\javaw.exe
0x0000000077400000 - 0x00000000775a9000 	C:\Windows\SYSTEM32\ntdll.dll
0x00000000771e0000 - 0x00000000772ff000 	C:\Windows\system32\kernel32.dll
0x000007fefd290000 - 0x000007fefd2fc000 	C:\Windows\system32\KERNELBASE.dll
0x000007fefec40000 - 0x000007fefed1b000 	C:\Windows\system32\ADVAPI32.dll
0x000007fefed20000 - 0x000007fefedbf000 	C:\Windows\system32\msvcrt.dll
0x000007feff5a0000 - 0x000007feff5bf000 	C:\Windows\SYSTEM32\sechost.dll
0x000007fefe830000 - 0x000007fefe95d000 	C:\Windows\system32\RPCRT4.dll
0x0000000077300000 - 0x00000000773fa000 	C:\Windows\system32\USER32.dll
0x000007fefe7b0000 - 0x000007fefe817000 	C:\Windows\system32\GDI32.dll
0x000007fefedc0000 - 0x000007fefedce000 	C:\Windows\system32\LPK.dll
0x000007feff5c0000 - 0x000007feff689000 	C:\Windows\system32\USP10.dll
0x000007fefb9b0000 - 0x000007fefbba4000 	C:\Windows\WinSxS\amd64_microsoft.windows.common-controls_6595b64144ccf1df_6.0.7601.17514_none_fa396087175ac9ac\COMCTL32.dll
0x000007feff690000 - 0x000007feff701000 	C:\Windows\system32\SHLWAPI.dll
0x000007fefec10000 - 0x000007fefec3e000 	C:\Windows\system32\IMM32.DLL
0x000007feff330000 - 0x000007feff439000 	C:\Windows\system32\MSCTF.dll
0x000000005ff00000 - 0x000000005ffd1000 	D:\OW\jdk1.7\jre\bin\msvcr100.dll
0x000000006ecb0000 - 0x000000006f3cf000 	D:\OW\jdk1.7\jre\bin\server\jvm.dll
0x000007fef98e0000 - 0x000007fef98e9000 	C:\Windows\system32\WSOCK32.dll
0x000007fefedd0000 - 0x000007fefee1d000 	C:\Windows\system32\WS2_32.dll
0x000007fefe820000 - 0x000007fefe828000 	C:\Windows\system32\NSI.dll
0x000007fefb500000 - 0x000007fefb53b000 	C:\Windows\system32\WINMM.dll
0x00000000775c0000 - 0x00000000775c7000 	C:\Windows\system32\PSAPI.DLL
0x0000000071190000 - 0x000000007119f000 	D:\OW\jdk1.7\jre\bin\verify.dll
0x000000006ec80000 - 0x000000006eca8000 	D:\OW\jdk1.7\jre\bin\java.dll
0x000000006ec60000 - 0x000000006ec75000 	D:\OW\jdk1.7\jre\bin\zip.dll

VM Arguments:
jvm_args: -Dfile.encoding=GBK -Xbootclasspath:D:\android\android-sdk-windows\platforms\android-19\android.jar 
java_command: cn.beginsoft.fpmsapp.TTT
Launcher Type: SUN_STANDARD

Environment Variables:
JAVA_HOME=D:\OW\jdk1.7
CLASSPATH=.;D:\OW\jdk1.7\lib\dt.jar;D:\OW\jdk1.7\lib\tools.jar;
PATH=D:/OW/jdk1.7/bin/../jre/bin/server;D:/OW/jdk1.7/bin/../jre/bin;D:/OW/jdk1.7/bin/../jre/lib/amd64;d:\app\begin\product\11.2.0\client_1;C:\Windows\system32;C:\Windows;C:\Windows\System32\Wbem;C:\Windows\System32\WindowsPowerShell\v1.0\;D:\OW\jdk1.7\bin;D:\OW\jdk1.7\jre\bin;D:\OW\jdk1.7\jre\bin;D:\OW\maven\bin;D:\OW\apache-tomcat\lib;D:\OW\apache-tomcat\bin;D:\Program Files\TortoiseSVN\bin;D:\android\android-sdk-windows\tools;D:\android\eclipse;
USERNAME=begin
OS=Windows_NT
PROCESSOR_IDENTIFIER=AMD64 Family 21 Model 16 Stepping 1, AuthenticAMD



---------------  S Y S T E M  ---------------

OS: Windows 7 , 64 bit Build 7601 Service Pack 1

CPU:total 4 (4 cores per cpu, 1 threads per core) family 21 model 16 stepping 1, cmov, cx8, fxsr, mmx, sse, sse2, sse3, ssse3, sse4.1, sse4.2, popcnt, avx, mmxext, 3dnowpref, lzcnt, sse4a, tsc, tscinvbit, tscinv

Memory: 4k page, physical 3350868k(864572k free), swap 6699872k(1523872k free)

vm_info: Java HotSpot(TM) 64-Bit Server VM (23.6-b04) for windows-amd64 JRE (1.7.0_11-b21), built on Jan 12 2013 02:38:42 by "java_re" with unknown MS VC++:1600

time: Fri Sep 19 17:19:51 2014
elapsed time: 0 seconds

